<?xml version="1.0" encoding="UTF-8"?>
<testsuite xmlns:xsi="http://www.w3.org/2001/XMLSchema-instance" xsi:noNamespaceSchemaLocation="https://maven.apache.org/surefire/maven-surefire-plugin/xsd/surefire-test-report-3.0.xsd" version="3.0" name="example.CalculatorTest" time="0.074" tests="5" errors="0" skipped="0" failures="0">
  <properties>
[...]
</properties>
  <testcase name="strInputCheck" classname="example.CalculatorTest" time="0.039">
    <system-out><![CDATA[文字列を入力してください
]]></system-out>
  </testcase>
  <testcase name="intCheck" classname="example.CalculatorTest" time="0.005"/>
  <testcase name="strCheck" classname="example.CalculatorTest" time="0.001"/>
  <testcase name="minusCheck" classname="example.CalculatorTest" time="0.001"/>
  <testcase name="naturals" classname="example.CalculatorTest" time="0"/>
</testsuite>